{"durationMs":37,"level":"info","message":"GET /upload","timestamp":"2017-07-06T17:00:46.999Z"}
{"durationMs":1,"level":"info","message":"GET /angular.min.js.map","timestamp":"2017-07-06T17:00:47.458Z"}
{"durationMs":291,"level":"info","message":"GET /home","timestamp":"2017-07-06T17:00:57.508Z"}
{"durationMs":10547,"level":"info","message":"GET /materializeCSS","timestamp":"2017-07-06T17:00:57.612Z"}
{"durationMs":10569,"level":"info","message":"GET /static/css/index.css","timestamp":"2017-07-06T17:00:57.636Z"}
{"durationMs":10614,"level":"info","message":"GET /jquery","timestamp":"2017-07-06T17:00:57.684Z"}
{"durationMs":10687,"level":"info","message":"GET /materializeJS","timestamp":"2017-07-06T17:00:57.759Z"}
{"durationMs":10757,"level":"info","message":"GET /angular","timestamp":"2017-07-06T17:00:57.834Z"}
{"durationMs":10764,"level":"info","message":"GET /static/js/index.js","timestamp":"2017-07-06T17:00:57.841Z"}
{"durationMs":10566,"level":"info","message":"GET /fonts/roboto/Roboto-Regular.woff2","timestamp":"2017-07-06T17:00:57.868Z"}
{"durationMs":10571,"level":"info","message":"GET /fonts/roboto/Roboto-Medium.woff2","timestamp":"2017-07-06T17:00:57.873Z"}
{"durationMs":10591,"level":"info","message":"GET /static/css/index.css.map","timestamp":"2017-07-06T17:00:57.947Z"}
{"durationMs":49,"level":"info","message":"GET /home?page=1","timestamp":"2017-07-06T17:00:57.984Z"}
{"durationMs":1,"level":"info","message":"GET /angular.min.js.map","timestamp":"2017-07-06T17:00:58.651Z"}
{"durationMs":1737,"level":"info","message":"GET /","timestamp":"2017-07-06T17:03:07.429Z"}
{"durationMs":1754,"level":"info","message":"GET /home","timestamp":"2017-07-06T17:03:07.494Z"}
{"durationMs":659,"level":"info","message":"GET /","timestamp":"2017-07-06T17:03:08.989Z"}
{"durationMs":659,"level":"info","message":"GET /home","timestamp":"2017-07-06T17:03:09.046Z"}
{"durationMs":192,"level":"info","message":"GET /","timestamp":"2017-07-06T17:03:09.793Z"}
{"durationMs":226,"level":"info","message":"GET /home","timestamp":"2017-07-06T17:03:09.845Z"}
{"durationMs":166,"level":"info","message":"GET /","timestamp":"2017-07-06T17:03:10.102Z"}
{"durationMs":217,"level":"info","message":"GET /home","timestamp":"2017-07-06T17:03:10.168Z"}
{"durationMs":18526,"level":"info","message":"GET /home?page=1","timestamp":"2017-07-06T17:03:15.764Z"}
{"durationMs":1520,"level":"info","message":"GET /home?page=1","timestamp":"2017-07-06T17:03:28.916Z"}
{"0":{"$__":{"strictMode":true,"selected":{},"getters":{},"wasPopulated":false,"activePaths":{"paths":{"date":"init","__v":"init","image":"init","description":"init","title":"init","_id":"init"},"states":{"ignore":{},"default":{},"init":{"__v":true,"date":true,"image":true,"description":true,"title":true,"_id":true},"modify":{},"require":{}},"stateNames":["require","modify","init","default","ignore"]},"pathsToScopes":{},"emitter":{"domain":null,"_events":{},"_eventsCount":0,"_maxListeners":0}},"isNew":false,"_doc":{"date":"2017-07-06T02:30:38.070Z","__v":0,"image":"http://res.cloudinary.com/dgeyqjlzg/image/upload/v1499308234/dyiggk5cgbyuq3d9jah0.jpg","description":"hkjhkhjlh","title":"tfhytdrjugy","_id":{"_bsontype":"ObjectID","id":{"0":89,"1":93,"2":160,"3":206,"4":145,"5":233,"6":181,"7":57,"8":40,"9":225,"10":99,"11":125}}},"$init":true},"level":"silly","message":"","timestamp":"2017-07-06T17:04:31.713Z"}
{"durationMs":512,"level":"info","message":"GET /home?page=1","timestamp":"2017-07-06T17:04:31.756Z"}
{"durationMs":1,"level":"info","message":"GET /angular.min.js.map","timestamp":"2017-07-06T17:04:32.354Z"}
{"0":{"$__":{"strictMode":true,"selected":{},"getters":{},"wasPopulated":false,"activePaths":{"paths":{"date":"init","__v":"init","image":"init","description":"init","title":"init","_id":"init"},"states":{"ignore":{},"default":{},"init":{"__v":true,"date":true,"image":true,"description":true,"title":true,"_id":true},"modify":{},"require":{}},"stateNames":["require","modify","init","default","ignore"]},"pathsToScopes":{},"emitter":{"domain":null,"_events":{},"_eventsCount":0,"_maxListeners":0}},"isNew":false,"_doc":{"date":"2017-07-06T02:30:38.070Z","__v":0,"image":"http://res.cloudinary.com/dgeyqjlzg/image/upload/v1499308234/dyiggk5cgbyuq3d9jah0.jpg","description":"hkjhkhjlh","title":"tfhytdrjugy","_id":{"_bsontype":"ObjectID","id":{"0":89,"1":93,"2":160,"3":206,"4":145,"5":233,"6":181,"7":57,"8":40,"9":225,"10":99,"11":125}}},"$init":true},"level":"info","message":"","timestamp":"2017-07-06T17:05:17.171Z"}
{"durationMs":442,"level":"info","message":"GET /home?page=1","timestamp":"2017-07-06T17:05:17.284Z"}
{"durationMs":2,"level":"info","message":"GET /angular.min.js.map","timestamp":"2017-07-06T17:05:17.916Z"}
